<?xml version="1.0" encoding="UTF-8"?>
<!-- Generated by org.testng.reporters.JUnitReportReporter -->
<testsuite hostname="ATMECSINLT-044" failures="0" tests="6" name="com.automation.testscripts.PopUp" time="15.824" errors="0" timestamp="28 Aug 2019 13:49:16 GMT" skipped="0">
  <testcase classname="com.automation.testscripts.PopUp" name="launchDriver" time="10.818"/>
  <testcase classname="com.automation.testscripts.PopUp" name="launchingHomePage" time="4.549"/>
  <testcase classname="com.automation.testscripts.PopUp" name="searchByBus" time="0.200"/>
  <testcase classname="com.automation.testscripts.PopUp" name="acceptingAlert" time="0.000"/>
  <testcase classname="com.automation.testscripts.PopUp" name="selectingCheckBox" time="0.253"/>
  <testcase classname="com.automation.testscripts.PopUp" name="selectingDropdown" time="0.004"/>
</testsuite> <!-- com.automation.testscripts.PopUp -->
