<?xml version="1.0" encoding="UTF-8"?>
<!-- Generated by org.testng.reporters.JUnitReportReporter -->
<testsuite hostname="ATMECSINLT-044" failures="0" tests="1" name="com.automation.testscripts.LOginDriver" time="28.860" errors="0" timestamp="28 Aug 2019 06:20:48 GMT" skipped="0">
  <testcase classname="com.automation.testscripts.LOginDriver" name="launchDriver" time="28.860"/>
</testsuite> <!-- com.automation.testscripts.LOginDriver -->
