<?xml version="1.0" encoding="UTF-8"?>
<!-- Generated by org.testng.reporters.JUnitReportReporter -->
<testsuite hostname="ATMECSINLT-044" failures="0" tests="2" name="com.automation.testscripts.TotalLinks" time="30.436" errors="0" timestamp="28 Aug 2019 10:50:09 GMT" skipped="0">
  <testcase classname="com.automation.testscripts.TotalLinks" name="launchDriver" time="10.701"/>
  <testcase classname="com.automation.testscripts.TotalLinks" name="linksCount" time="19.735"/>
</testsuite> <!-- com.automation.testscripts.TotalLinks -->
